<?xml version="1.0" encoding="UTF-8"?>
<testsuite name="br.com.concrete.treinamentotestes.case03.service.UserServiceTest" tests="1" skipped="0" failures="0" errors="0" timestamp="2021-03-10T17:55:58" hostname="CPX-HZWS8G7B7H1" time="0.593">
  <properties/>
  <testcase name="formattedFullNameFrom()" classname="br.com.concrete.treinamentotestes.case03.service.UserServiceTest" time="0.593"/>
  <system-out><![CDATA[]]></system-out>
  <system-err><![CDATA[]]></system-err>
</testsuite>
