<?xml version="1.0" encoding="UTF-8"?>
<testsuite name="GreetingsGeneratorTest" tests="1" skipped="0" failures="0" errors="0" timestamp="2021-03-10T15:14:45" hostname="CPX-HZWS8G7B7H1" time="0.028">
  <properties/>
  <testcase name="sayHello()" classname="GreetingsGeneratorTest" time="0.028"/>
  <system-out><![CDATA[]]></system-out>
  <system-err><![CDATA[]]></system-err>
</testsuite>
