<?xml version="1.0" encoding="UTF-8"?>
<testsuite name="br.com.concrete.treinamentotestes.case02.component.SuperGreetingsGeneratorTest" tests="1" skipped="0" failures="0" errors="0" timestamp="2021-03-10T17:17:18" hostname="CPX-HZWS8G7B7H1" time="0.042">
  <properties/>
  <testcase name="test01()" classname="br.com.concrete.treinamentotestes.case02.component.SuperGreetingsGeneratorTest" time="0.042"/>
  <system-out><![CDATA[]]></system-out>
  <system-err><![CDATA[]]></system-err>
</testsuite>
