<?xml version="1.0" encoding="UTF-8"?>
<testsuite name="br.com.concrete.treinamentotestes.case04.service.UserServiceTest" tests="2" skipped="0" failures="0" errors="0" timestamp="2021-03-10T18:26:39" hostname="CPX-HZWS8G7B7H1" time="0.563">
  <properties/>
  <testcase name="aoVerificarSeusuarioExisteQuandoNaoTemUsuarioComMesmoEmailInformadoNoBancoDeveRetornarFalse()" classname="br.com.concrete.treinamentotestes.case04.service.UserServiceTest" time="0.558"/>
  <testcase name="aoVerificarSeusuarioExisteQuandoNaoTemUsuarioComMesmoEmailInformadoNoBancoDeveRetornarNull()" classname="br.com.concrete.treinamentotestes.case04.service.UserServiceTest" time="0.004"/>
  <system-out><![CDATA[]]></system-out>
  <system-err><![CDATA[]]></system-err>
</testsuite>
